app/build/intermediates/manifest_merge_blame_file/debug/manifest-merger-blame-debug-report.txt
1<?xml version="1.0" encoding="utf-8"?>
2<manifest xmlns:android="http://schemas.android.com/apk/res/android"
3    package="com.example.cardtodo"
4    android:versionCode="1"
5    android:versionName="1.0" >
6
7    <uses-sdk
8        android:minSdkVersion="21"
9        android:targetSdkVersion="34" />
10
11    <permission
11-->[androidx.core:core:1.12.0] AndroidManifest.xml:22:5-24:47
12        android:name="com.example.cardtodo.DYNAMIC_RECEIVER_NOT_EXPORTED_PERMISSION"
12-->[androidx.core:core:1.12.0] AndroidManifest.xml:23:9-81
13        android:protectionLevel="signature" />
13-->[androidx.core:core:1.12.0] AndroidManifest.xml:24:9-44
14
15    <uses-permission android:name="com.example.cardtodo.DYNAMIC_RECEIVER_NOT_EXPORTED_PERMISSION" />
15-->[androidx.core:core:1.12.0] AndroidManifest.xml:26:5-97
15-->[androidx.core:core:1.12.0] AndroidManifest.xml:26:22-94
16
17    <application
17-->src/main/AndroidManifest.xml:4:5-27:19
18        android:name="com.example.cardtodo.CardTodoApp"
18-->src/main/AndroidManifest.xml:5:9-36
19        android:allowBackup="true"
19-->src/main/AndroidManifest.xml:6:9-35
20        android:appComponentFactory="androidx.core.app.CoreComponentFactory"
20-->[androidx.core:core:1.12.0] AndroidManifest.xml:28:18-86
21        android:debuggable="true"
22        android:extractNativeLibs="true"
23        android:icon="@mipmap/ic_launcher"
23-->src/main/AndroidManifest.xml:7:9-43
24        android:label="@string/app_name"
24-->src/main/AndroidManifest.xml:8:9-41
25        android:roundIcon="@mipmap/ic_launcher_round"
25-->src/main/AndroidManifest.xml:9:9-54
26        android:supportsRtl="true"
26-->src/main/AndroidManifest.xml:10:9-35
27        android:theme="@style/Theme.CardTodo" >
27-->src/main/AndroidManifest.xml:11:9-46
28        <activity
28-->src/main/AndroidManifest.xml:13:9-20:20
29            android:name="com.example.cardtodo.MainActivity"
29-->src/main/AndroidManifest.xml:14:13-41
30            android:exported="true" >
30-->src/main/AndroidManifest.xml:15:13-36
31            <intent-filter>
31-->src/main/AndroidManifest.xml:16:13-19:29
32                <action android:name="android.intent.action.MAIN" />
32-->src/main/AndroidManifest.xml:17:17-69
32-->src/main/AndroidManifest.xml:17:25-66
33
34                <category android:name="android.intent.category.LAUNCHER" />
34-->src/main/AndroidManifest.xml:18:17-77
34-->src/main/AndroidManifest.xml:18:27-74
35            </intent-filter>
36        </activity>
37        <activity
37-->src/main/AndroidManifest.xml:22:9-25:58
38            android:name="com.example.cardtodo.SettingsActivity"
38-->src/main/AndroidManifest.xml:23:13-45
39            android:exported="false"
39-->src/main/AndroidManifest.xml:24:13-37
40            android:parentActivityName="com.example.cardtodo.MainActivity" />
40-->src/main/AndroidManifest.xml:25:13-55
41
42        <provider
42-->[androidx.emoji2:emoji2:1.2.0] AndroidManifest.xml:24:9-32:20
43            android:name="androidx.startup.InitializationProvider"
43-->[androidx.emoji2:emoji2:1.2.0] AndroidManifest.xml:25:13-67
44            android:authorities="com.example.cardtodo.androidx-startup"
44-->[androidx.emoji2:emoji2:1.2.0] AndroidManifest.xml:26:13-68
45            android:exported="false" >
45-->[androidx.emoji2:emoji2:1.2.0] AndroidManifest.xml:27:13-37
46            <meta-data
46-->[androidx.emoji2:emoji2:1.2.0] AndroidManifest.xml:29:13-31:52
47                android:name="androidx.emoji2.text.EmojiCompatInitializer"
47-->[androidx.emoji2:emoji2:1.2.0] AndroidManifest.xml:30:17-75
48                android:value="androidx.startup" />
48-->[androidx.emoji2:emoji2:1.2.0] AndroidManifest.xml:31:17-49
49            <meta-data
49-->[androidx.lifecycle:lifecycle-process:2.7.0] AndroidManifest.xml:29:13-31:52
50                android:name="androidx.lifecycle.ProcessLifecycleInitializer"
50-->[androidx.lifecycle:lifecycle-process:2.7.0] AndroidManifest.xml:30:17-78
51                android:value="androidx.startup" />
51-->[androidx.lifecycle:lifecycle-process:2.7.0] AndroidManifest.xml:31:17-49
52            <meta-data
52-->[androidx.profileinstaller:profileinstaller:1.3.0] AndroidManifest.xml:29:13-31:52
53                android:name="androidx.profileinstaller.ProfileInstallerInitializer"
53-->[androidx.profileinstaller:profileinstaller:1.3.0] AndroidManifest.xml:30:17-85
54                android:value="androidx.startup" />
54-->[androidx.profileinstaller:profileinstaller:1.3.0] AndroidManifest.xml:31:17-49
55        </provider>
56
57        <service
57-->[androidx.room:room-runtime:2.6.1] AndroidManifest.xml:24:9-28:63
58            android:name="androidx.room.MultiInstanceInvalidationService"
58-->[androidx.room:room-runtime:2.6.1] AndroidManifest.xml:25:13-74
59            android:directBootAware="true"
59-->[androidx.room:room-runtime:2.6.1] AndroidManifest.xml:26:13-43
60            android:exported="false" />
60-->[androidx.room:room-runtime:2.6.1] AndroidManifest.xml:27:13-37
61
62        <receiver
62-->[androidx.profileinstaller:profileinstaller:1.3.0] AndroidManifest.xml:34:9-52:20
63            android:name="androidx.profileinstaller.ProfileInstallReceiver"
63-->[androidx.profileinstaller:profileinstaller:1.3.0] AndroidManifest.xml:35:13-76
64            android:directBootAware="false"
64-->[androidx.profileinstaller:profileinstaller:1.3.0] AndroidManifest.xml:36:13-44
65            android:enabled="true"
65-->[androidx.profileinstaller:profileinstaller:1.3.0] AndroidManifest.xml:37:13-35
66            android:exported="true"
66-->[androidx.profileinstaller:profileinstaller:1.3.0] AndroidManifest.xml:38:13-36
67            android:permission="android.permission.DUMP" >
67-->[androidx.profileinstaller:profileinstaller:1.3.0] AndroidManifest.xml:39:13-57
68            <intent-filter>
68-->[androidx.profileinstaller:profileinstaller:1.3.0] AndroidManifest.xml:40:13-42:29
69                <action android:name="androidx.profileinstaller.action.INSTALL_PROFILE" />
69-->[androidx.profileinstaller:profileinstaller:1.3.0] AndroidManifest.xml:41:17-91
69-->[androidx.profileinstaller:profileinstaller:1.3.0] AndroidManifest.xml:41:25-88
70            </intent-filter>
71            <intent-filter>
71-->[androidx.profileinstaller:profileinstaller:1.3.0] AndroidManifest.xml:43:13-45:29
72                <action android:name="androidx.profileinstaller.action.SKIP_FILE" />
72-->[androidx.profileinstaller:profileinstaller:1.3.0] AndroidManifest.xml:44:17-85
72-->[androidx.profileinstaller:profileinstaller:1.3.0] AndroidManifest.xml:44:25-82
73            </intent-filter>
74            <intent-filter>
74-->[androidx.profileinstaller:profileinstaller:1.3.0] AndroidManifest.xml:46:13-48:29
75                <action android:name="androidx.profileinstaller.action.SAVE_PROFILE" />
75-->[androidx.profileinstaller:profileinstaller:1.3.0] AndroidManifest.xml:47:17-88
75-->[androidx.profileinstaller:profileinstaller:1.3.0] AndroidManifest.xml:47:25-85
76            </intent-filter>
77            <intent-filter>
77-->[androidx.profileinstaller:profileinstaller:1.3.0] AndroidManifest.xml:49:13-51:29
78                <action android:name="androidx.profileinstaller.action.BENCHMARK_OPERATION" />
78-->[androidx.profileinstaller:profileinstaller:1.3.0] AndroidManifest.xml:50:17-95
78-->[androidx.profileinstaller:profileinstaller:1.3.0] AndroidManifest.xml:50:25-92
79            </intent-filter>
80        </receiver>
81    </application>
82
83</manifest>